<?xml version="1.0" encoding="UTF-8"?>
<!-- Generated by org.testng.reporters.JUnitReportReporter -->
<testsuite hostname="shyamreddykallu" failures="0" tests="1" name="com.gammax.runners.MyTestNGRunnerTest" time="14.912" errors="0" timestamp="2023-01-23T12:32:48 AST" skipped="0">
  <testcase classname="com.gammax.runners.MyTestNGRunnerTest" name="runScenario" time="14.912"/>
  <system-out/>
</testsuite> <!-- com.gammax.runners.MyTestNGRunnerTest -->
