<?xml version="1.0" encoding="UTF-8"?>
<!-- Generated by org.testng.reporters.JUnitReportReporter -->
<testsuite hostname="shyamreddykallu" failures="0" tests="1" name="com.gammax.runners.MyTestNGRunnerTest" time="14.640" errors="0" timestamp="2023-01-19T13:42:39 AST" skipped="0">
  <testcase classname="com.gammax.runners.MyTestNGRunnerTest" name="runScenario" time="14.640"/>
  <system-out/>
</testsuite> <!-- com.gammax.runners.MyTestNGRunnerTest -->
