<?xml version="1.0" encoding="UTF-8"?>
<testsuite xmlns:xsi="http://www.w3.org/2001/XMLSchema-instance" xsi:noNamespaceSchemaLocation="https://maven.apache.org/surefire/maven-surefire-plugin/xsd/surefire-test-report-3.0.xsd" version="3.0" name="com.gammax.runners.MyTestNGRunnerTest" time="15.938" tests="1" errors="0" skipped="0" failures="0">
  <properties>
    <property name="java.specification.version" value="19"/>
    <property name="webdriver.chrome.driver" value="src/test/resources/chromedriver_mac_arm64/chromedriver"/>
    <property name="sun.jnu.encoding" value="UTF-8"/>
    <property name="java.class.path" value="/Users/shyamreddykallu/Documents/GitHub/DemoAutomation-Framework/Gammax-Test-Automation/target/test-classes:/Users/shyamreddykallu/Documents/GitHub/DemoAutomation-Framework/Gammax-Test-Automation/target/classes:/Users/shyamreddykallu/.m2/repository/io/cucumber/cucumber-java/7.2.0/cucumber-java-7.2.0.jar:/Users/shyamreddykallu/.m2/repository/io/cucumber/cucumber-core/7.2.0/cucumber-core-7.2.0.jar:/Users/shyamreddykallu/.m2/repository/io/cucumber/cucumber-gherkin/7.2.0/cucumber-gherkin-7.2.0.jar:/Users/shyamreddykallu/.m2/repository/io/cucumber/cucumber-gherkin-messages/7.2.0/cucumber-gherkin-messages-7.2.0.jar:/Users/shyamreddykallu/.m2/repository/io/cucumber/messages/17.1.1/messages-17.1.1.jar:/Users/shyamreddykallu/.m2/repository/io/cucumber/tag-expressions/4.1.0/tag-expressions-4.1.0.jar:/Users/shyamreddykallu/.m2/repository/io/cucumber/cucumber-expressions/13.0.1/cucumber-expressions-13.0.1.jar:/Users/shyamreddykallu/.m2/repository/io/cucumber/datatable/7.2.0/datatable-7.2.0.jar:/Users/shyamreddykallu/.m2/repository/io/cucumber/cucumber-plugin/7.2.0/cucumber-plugin-7.2.0.jar:/Users/shyamreddykallu/.m2/repository/io/cucumber/docstring/7.2.0/docstring-7.2.0.jar:/Users/shyamreddykallu/.m2/repository/io/cucumber/html-formatter/17.0.0/html-formatter-17.0.0.jar:/Users/shyamreddykallu/.m2/repository/io/cucumber/ci-environment/8.1.0/ci-environment-8.1.0.jar:/Users/shyamreddykallu/.m2/repository/org/apiguardian/apiguardian-api/1.1.2/apiguardian-api-1.1.2.jar:/Users/shyamreddykallu/.m2/repository/io/cucumber/cucumber-testng/7.2.0/cucumber-testng-7.2.0.jar:/Users/shyamreddykallu/.m2/repository/org/testng/testng/7.4.0/testng-7.4.0.jar:/Users/shyamreddykallu/.m2/repository/com/beust/jcommander/1.78/jcommander-1.78.jar:/Users/shyamreddykallu/.m2/repository/org/webjars/jquery/3.5.1/jquery-3.5.1.jar:/Users/shyamreddykallu/.m2/repository/io/cucumber/cucumber-picocontainer/7.2.0/cucumber-picocontainer-7.2.0.jar:/Users/shyamreddykallu/.m2/repository/org/picocontainer/picocontainer/2.15/picocontainer-2.15.jar:/Users/shyamreddykallu/.m2/repository/org/seleniumhq/selenium/selenium-java/4.7.1/selenium-java-4.7.1.jar:/Users/shyamreddykallu/.m2/repository/org/seleniumhq/selenium/selenium-api/4.7.1/selenium-api-4.7.1.jar:/Users/shyamreddykallu/.m2/repository/org/seleniumhq/selenium/selenium-chrome-driver/4.7.1/selenium-chrome-driver-4.7.1.jar:/Users/shyamreddykallu/.m2/repository/com/google/auto/service/auto-service-annotations/1.0.1/auto-service-annotations-1.0.1.jar:/Users/shyamreddykallu/.m2/repository/com/google/auto/service/auto-service/1.0.1/auto-service-1.0.1.jar:/Users/shyamreddykallu/.m2/repository/com/google/auto/auto-common/1.2/auto-common-1.2.jar:/Users/shyamreddykallu/.m2/repository/com/google/guava/guava/31.1-jre/guava-31.1-jre.jar:/Users/shyamreddykallu/.m2/repository/com/google/guava/failureaccess/1.0.1/failureaccess-1.0.1.jar:/Users/shyamreddykallu/.m2/repository/com/google/guava/listenablefuture/9999.0-empty-to-avoid-conflict-with-guava/listenablefuture-9999.0-empty-to-avoid-conflict-with-guava.jar:/Users/shyamreddykallu/.m2/repository/com/google/code/findbugs/jsr305/3.0.2/jsr305-3.0.2.jar:/Users/shyamreddykallu/.m2/repository/org/checkerframework/checker-qual/3.12.0/checker-qual-3.12.0.jar:/Users/shyamreddykallu/.m2/repository/com/google/errorprone/error_prone_annotations/2.11.0/error_prone_annotations-2.11.0.jar:/Users/shyamreddykallu/.m2/repository/com/google/j2objc/j2objc-annotations/1.3/j2objc-annotations-1.3.jar:/Users/shyamreddykallu/.m2/repository/org/seleniumhq/selenium/selenium-chromium-driver/4.7.1/selenium-chromium-driver-4.7.1.jar:/Users/shyamreddykallu/.m2/repository/org/seleniumhq/selenium/selenium-json/4.7.1/selenium-json-4.7.1.jar:/Users/shyamreddykallu/.m2/repository/org/seleniumhq/selenium/selenium-devtools-v106/4.7.1/selenium-devtools-v106-4.7.1.jar:/Users/shyamreddykallu/.m2/repository/org/seleniumhq/selenium/selenium-devtools-v107/4.7.1/selenium-devtools-v107-4.7.1.jar:/Users/shyamreddykallu/.m2/repository/org/seleniumhq/selenium/selenium-devtools-v108/4.7.1/selenium-devtools-v108-4.7.1.jar:/Users/shyamreddykallu/.m2/repository/org/seleniumhq/selenium/selenium-devtools-v85/4.7.1/selenium-devtools-v85-4.7.1.jar:/Users/shyamreddykallu/.m2/repository/org/seleniumhq/selenium/selenium-edge-driver/4.7.1/selenium-edge-driver-4.7.1.jar:/Users/shyamreddykallu/.m2/repository/org/seleniumhq/selenium/selenium-firefox-driver/4.7.1/selenium-firefox-driver-4.7.1.jar:/Users/shyamreddykallu/.m2/repository/org/seleniumhq/selenium/selenium-http/4.7.1/selenium-http-4.7.1.jar:/Users/shyamreddykallu/.m2/repository/dev/failsafe/failsafe/3.3.0/failsafe-3.3.0.jar:/Users/shyamreddykallu/.m2/repository/org/seleniumhq/selenium/selenium-ie-driver/4.7.1/selenium-ie-driver-4.7.1.jar:/Users/shyamreddykallu/.m2/repository/org/seleniumhq/selenium/selenium-remote-driver/4.7.1/selenium-remote-driver-4.7.1.jar:/Users/shyamreddykallu/.m2/repository/io/netty/netty-buffer/4.1.84.Final/netty-buffer-4.1.84.Final.jar:/Users/shyamreddykallu/.m2/repository/io/netty/netty-codec-http/4.1.84.Final/netty-codec-http-4.1.84.Final.jar:/Users/shyamreddykallu/.m2/repository/io/netty/netty-codec/4.1.84.Final/netty-codec-4.1.84.Final.jar:/Users/shyamreddykallu/.m2/repository/io/netty/netty-handler/4.1.84.Final/netty-handler-4.1.84.Final.jar:/Users/shyamreddykallu/.m2/repository/io/netty/netty-common/4.1.84.Final/netty-common-4.1.84.Final.jar:/Users/shyamreddykallu/.m2/repository/io/netty/netty-transport-classes-epoll/4.1.84.Final/netty-transport-classes-epoll-4.1.84.Final.jar:/Users/shyamreddykallu/.m2/repository/io/netty/netty-transport-classes-kqueue/4.1.84.Final/netty-transport-classes-kqueue-4.1.84.Final.jar:/Users/shyamreddykallu/.m2/repository/io/netty/netty-transport-native-epoll/4.1.84.Final/netty-transport-native-epoll-4.1.84.Final.jar:/Users/shyamreddykallu/.m2/repository/io/netty/netty-transport-native-kqueue/4.1.84.Final/netty-transport-native-kqueue-4.1.84.Final.jar:/Users/shyamreddykallu/.m2/repository/io/netty/netty-transport-native-unix-common/4.1.84.Final/netty-transport-native-unix-common-4.1.84.Final.jar:/Users/shyamreddykallu/.m2/repository/io/netty/netty-transport/4.1.84.Final/netty-transport-4.1.84.Final.jar:/Users/shyamreddykallu/.m2/repository/io/netty/netty-resolver/4.1.84.Final/netty-resolver-4.1.84.Final.jar:/Users/shyamreddykallu/.m2/repository/io/opentelemetry/opentelemetry-api/1.19.0/opentelemetry-api-1.19.0.jar:/Users/shyamreddykallu/.m2/repository/io/opentelemetry/opentelemetry-context/1.19.0/opentelemetry-context-1.19.0.jar:/Users/shyamreddykallu/.m2/repository/io/opentelemetry/opentelemetry-exporter-logging/1.19.0/opentelemetry-exporter-logging-1.19.0.jar:/Users/shyamreddykallu/.m2/repository/io/opentelemetry/opentelemetry-sdk-metrics/1.19.0/opentelemetry-sdk-metrics-1.19.0.jar:/Users/shyamreddykallu/.m2/repository/io/opentelemetry/opentelemetry-sdk-logs/1.19.0-alpha/opentelemetry-sdk-logs-1.19.0-alpha.jar:/Users/shyamreddykallu/.m2/repository/io/opentelemetry/opentelemetry-api-logs/1.19.0-alpha/opentelemetry-api-logs-1.19.0-alpha.jar:/Users/shyamreddykallu/.m2/repository/io/opentelemetry/opentelemetry-sdk-common/1.19.0/opentelemetry-sdk-common-1.19.0.jar:/Users/shyamreddykallu/.m2/repository/io/opentelemetry/opentelemetry-sdk-extension-autoconfigure-spi/1.19.0/opentelemetry-sdk-extension-autoconfigure-spi-1.19.0.jar:/Users/shyamreddykallu/.m2/repository/io/opentelemetry/opentelemetry-sdk-extension-autoconfigure/1.19.0-alpha/opentelemetry-sdk-extension-autoconfigure-1.19.0-alpha.jar:/Users/shyamreddykallu/.m2/repository/io/opentelemetry/opentelemetry-exporter-common/1.19.0/opentelemetry-exporter-common-1.19.0.jar:/Users/shyamreddykallu/.m2/repository/io/opentelemetry/opentelemetry-sdk-trace/1.19.0/opentelemetry-sdk-trace-1.19.0.jar:/Users/shyamreddykallu/.m2/repository/io/opentelemetry/opentelemetry-sdk/1.19.0/opentelemetry-sdk-1.19.0.jar:/Users/shyamreddykallu/.m2/repository/io/opentelemetry/opentelemetry-semconv/1.19.0-alpha/opentelemetry-semconv-1.19.0-alpha.jar:/Users/shyamreddykallu/.m2/repository/io/ous/jtoml/2.0.0/jtoml-2.0.0.jar:/Users/shyamreddykallu/.m2/repository/net/bytebuddy/byte-buddy/1.12.18/byte-buddy-1.12.18.jar:/Users/shyamreddykallu/.m2/repository/org/apache/commons/commons-exec/1.3/commons-exec-1.3.jar:/Users/shyamreddykallu/.m2/repository/org/asynchttpclient/async-http-client/2.12.3/async-http-client-2.12.3.jar:/Users/shyamreddykallu/.m2/repository/org/asynchttpclient/async-http-client-netty-utils/2.12.3/async-http-client-netty-utils-2.12.3.jar:/Users/shyamreddykallu/.m2/repository/io/netty/netty-codec-socks/4.1.60.Final/netty-codec-socks-4.1.60.Final.jar:/Users/shyamreddykallu/.m2/repository/io/netty/netty-handler-proxy/4.1.60.Final/netty-handler-proxy-4.1.60.Final.jar:/Users/shyamreddykallu/.m2/repository/io/netty/netty-transport-native-epoll/4.1.60.Final/netty-transport-native-epoll-4.1.60.Final-linux-x86_64.jar:/Users/shyamreddykallu/.m2/repository/io/netty/netty-transport-native-kqueue/4.1.60.Final/netty-transport-native-kqueue-4.1.60.Final-osx-x86_64.jar:/Users/shyamreddykallu/.m2/repository/com/typesafe/netty/netty-reactive-streams/2.0.4/netty-reactive-streams-2.0.4.jar:/Users/shyamreddykallu/.m2/repository/org/slf4j/slf4j-api/1.7.30/slf4j-api-1.7.30.jar:/Users/shyamreddykallu/.m2/repository/com/sun/activation/jakarta.activation/1.2.2/jakarta.activation-1.2.2.jar:/Users/shyamreddykallu/.m2/repository/org/seleniumhq/selenium/selenium-manager/4.7.1/selenium-manager-4.7.1.jar:/Users/shyamreddykallu/.m2/repository/org/seleniumhq/selenium/selenium-safari-driver/4.7.1/selenium-safari-driver-4.7.1.jar:/Users/shyamreddykallu/.m2/repository/org/seleniumhq/selenium/selenium-support/4.7.1/selenium-support-4.7.1.jar:/Users/shyamreddykallu/.m2/repository/me/jvt/cucumber/reporting-plugin/7.2.0/reporting-plugin-7.2.0.jar:/Users/shyamreddykallu/.m2/repository/io/cucumber/gherkin/22.0.0/gherkin-22.0.0.jar:/Users/shyamreddykallu/.m2/repository/net/masterthought/cucumber-reporting/5.6.1/cucumber-reporting-5.6.1.jar:/Users/shyamreddykallu/.m2/repository/com/fasterxml/jackson/core/jackson-databind/2.12.1/jackson-databind-2.12.1.jar:/Users/shyamreddykallu/.m2/repository/com/fasterxml/jackson/core/jackson-annotations/2.12.1/jackson-annotations-2.12.1.jar:/Users/shyamreddykallu/.m2/repository/com/fasterxml/jackson/core/jackson-core/2.12.1/jackson-core-2.12.1.jar:/Users/shyamreddykallu/.m2/repository/com/fasterxml/jackson/datatype/jackson-datatype-jsr310/2.12.1/jackson-datatype-jsr310-2.12.1.jar:/Users/shyamreddykallu/.m2/repository/org/apache/velocity/velocity-engine-core/2.3/velocity-engine-core-2.3.jar:/Users/shyamreddykallu/.m2/repository/commons-collections/commons-collections/3.2.2/commons-collections-3.2.2.jar:/Users/shyamreddykallu/.m2/repository/joda-time/joda-time/2.10.10/joda-time-2.10.10.jar:/Users/shyamreddykallu/.m2/repository/org/apache/commons/commons-lang3/3.12.0/commons-lang3-3.12.0.jar:/Users/shyamreddykallu/.m2/repository/commons-io/commons-io/2.7/commons-io-2.7.jar:/Users/shyamreddykallu/.m2/repository/org/codehaus/plexus/plexus-utils/3.3.0/plexus-utils-3.3.0.jar:/Users/shyamreddykallu/.m2/repository/org/jsoup/jsoup/1.14.2/jsoup-1.14.2.jar:/Users/shyamreddykallu/.m2/repository/com/googlecode/owasp-java-html-sanitizer/owasp-java-html-sanitizer/20211018.2/owasp-java-html-sanitizer-20211018.2.jar:/Users/shyamreddykallu/.m2/repository/commons-configuration/commons-configuration/1.10/commons-configuration-1.10.jar:/Users/shyamreddykallu/.m2/repository/commons-lang/commons-lang/2.6/commons-lang-2.6.jar:/Users/shyamreddykallu/.m2/repository/commons-logging/commons-logging/1.1.1/commons-logging-1.1.1.jar:/Users/shyamreddykallu/.m2/repository/com/aventstack/extentreports/5.0.9/extentreports-5.0.9.jar:/Users/shyamreddykallu/.m2/repository/io/reactivex/rxjava3/rxjava/3.0.4/rxjava-3.0.4.jar:/Users/shyamreddykallu/.m2/repository/org/reactivestreams/reactive-streams/1.0.3/reactive-streams-1.0.3.jar:/Users/shyamreddykallu/.m2/repository/org/freemarker/freemarker/2.3.30/freemarker-2.3.30.jar:/Users/shyamreddykallu/.m2/repository/com/google/code/gson/gson/2.8.6/gson-2.8.6.jar:/Users/shyamreddykallu/.m2/repository/org/projectlombok/lombok/1.18.22/lombok-1.18.22.jar:"/>
    <property name="java.vm.vendor" value="Oracle Corporation"/>
    <property name="sun.arch.data.model" value="64"/>
    <property name="java.vendor.url" value="https://java.oracle.com/"/>
    <property name="user.timezone" value="America/Halifax"/>
    <property name="os.name" value="Mac OS X"/>
    <property name="java.vm.specification.version" value="19"/>
    <property name="sun.java.launcher" value="SUN_STANDARD"/>
    <property name="user.country" value="CA"/>
    <property name="sun.boot.library.path" value="/Library/Java/JavaVirtualMachines/jdk-19.jdk/Contents/Home/lib"/>
    <property name="sun.java.command" value="/Users/shyamreddykallu/Documents/GitHub/DemoAutomation-Framework/Gammax-Test-Automation/target/surefire/surefirebooter7123055616081474084.jar /Users/shyamreddykallu/Documents/GitHub/DemoAutomation-Framework/Gammax-Test-Automation/target/surefire 2023-01-19T14-09-49_091-jvmRun1 surefire16713513016398149920tmp surefire_01524493163886220013tmp"/>
    <property name="http.nonProxyHosts" value="local|*.local|169.254/16|*.169.254/16"/>
    <property name="jdk.debug" value="release"/>
    <property name="surefire.test.class.path" value="/Users/shyamreddykallu/Documents/GitHub/DemoAutomation-Framework/Gammax-Test-Automation/target/test-classes:/Users/shyamreddykallu/Documents/GitHub/DemoAutomation-Framework/Gammax-Test-Automation/target/classes:/Users/shyamreddykallu/.m2/repository/io/cucumber/cucumber-java/7.2.0/cucumber-java-7.2.0.jar:/Users/shyamreddykallu/.m2/repository/io/cucumber/cucumber-core/7.2.0/cucumber-core-7.2.0.jar:/Users/shyamreddykallu/.m2/repository/io/cucumber/cucumber-gherkin/7.2.0/cucumber-gherkin-7.2.0.jar:/Users/shyamreddykallu/.m2/repository/io/cucumber/cucumber-gherkin-messages/7.2.0/cucumber-gherkin-messages-7.2.0.jar:/Users/shyamreddykallu/.m2/repository/io/cucumber/messages/17.1.1/messages-17.1.1.jar:/Users/shyamreddykallu/.m2/repository/io/cucumber/tag-expressions/4.1.0/tag-expressions-4.1.0.jar:/Users/shyamreddykallu/.m2/repository/io/cucumber/cucumber-expressions/13.0.1/cucumber-expressions-13.0.1.jar:/Users/shyamreddykallu/.m2/repository/io/cucumber/datatable/7.2.0/datatable-7.2.0.jar:/Users/shyamreddykallu/.m2/repository/io/cucumber/cucumber-plugin/7.2.0/cucumber-plugin-7.2.0.jar:/Users/shyamreddykallu/.m2/repository/io/cucumber/docstring/7.2.0/docstring-7.2.0.jar:/Users/shyamreddykallu/.m2/repository/io/cucumber/html-formatter/17.0.0/html-formatter-17.0.0.jar:/Users/shyamreddykallu/.m2/repository/io/cucumber/ci-environment/8.1.0/ci-environment-8.1.0.jar:/Users/shyamreddykallu/.m2/repository/org/apiguardian/apiguardian-api/1.1.2/apiguardian-api-1.1.2.jar:/Users/shyamreddykallu/.m2/repository/io/cucumber/cucumber-testng/7.2.0/cucumber-testng-7.2.0.jar:/Users/shyamreddykallu/.m2/repository/org/testng/testng/7.4.0/testng-7.4.0.jar:/Users/shyamreddykallu/.m2/repository/com/beust/jcommander/1.78/jcommander-1.78.jar:/Users/shyamreddykallu/.m2/repository/org/webjars/jquery/3.5.1/jquery-3.5.1.jar:/Users/shyamreddykallu/.m2/repository/io/cucumber/cucumber-picocontainer/7.2.0/cucumber-picocontainer-7.2.0.jar:/Users/shyamreddykallu/.m2/repository/org/picocontainer/picocontainer/2.15/picocontainer-2.15.jar:/Users/shyamreddykallu/.m2/repository/org/seleniumhq/selenium/selenium-java/4.7.1/selenium-java-4.7.1.jar:/Users/shyamreddykallu/.m2/repository/org/seleniumhq/selenium/selenium-api/4.7.1/selenium-api-4.7.1.jar:/Users/shyamreddykallu/.m2/repository/org/seleniumhq/selenium/selenium-chrome-driver/4.7.1/selenium-chrome-driver-4.7.1.jar:/Users/shyamreddykallu/.m2/repository/com/google/auto/service/auto-service-annotations/1.0.1/auto-service-annotations-1.0.1.jar:/Users/shyamreddykallu/.m2/repository/com/google/auto/service/auto-service/1.0.1/auto-service-1.0.1.jar:/Users/shyamreddykallu/.m2/repository/com/google/auto/auto-common/1.2/auto-common-1.2.jar:/Users/shyamreddykallu/.m2/repository/com/google/guava/guava/31.1-jre/guava-31.1-jre.jar:/Users/shyamreddykallu/.m2/repository/com/google/guava/failureaccess/1.0.1/failureaccess-1.0.1.jar:/Users/shyamreddykallu/.m2/repository/com/google/guava/listenablefuture/9999.0-empty-to-avoid-conflict-with-guava/listenablefuture-9999.0-empty-to-avoid-conflict-with-guava.jar:/Users/shyamreddykallu/.m2/repository/com/google/code/findbugs/jsr305/3.0.2/jsr305-3.0.2.jar:/Users/shyamreddykallu/.m2/repository/org/checkerframework/checker-qual/3.12.0/checker-qual-3.12.0.jar:/Users/shyamreddykallu/.m2/repository/com/google/errorprone/error_prone_annotations/2.11.0/error_prone_annotations-2.11.0.jar:/Users/shyamreddykallu/.m2/repository/com/google/j2objc/j2objc-annotations/1.3/j2objc-annotations-1.3.jar:/Users/shyamreddykallu/.m2/repository/org/seleniumhq/selenium/selenium-chromium-driver/4.7.1/selenium-chromium-driver-4.7.1.jar:/Users/shyamreddykallu/.m2/repository/org/seleniumhq/selenium/selenium-json/4.7.1/selenium-json-4.7.1.jar:/Users/shyamreddykallu/.m2/repository/org/seleniumhq/selenium/selenium-devtools-v106/4.7.1/selenium-devtools-v106-4.7.1.jar:/Users/shyamreddykallu/.m2/repository/org/seleniumhq/selenium/selenium-devtools-v107/4.7.1/selenium-devtools-v107-4.7.1.jar:/Users/shyamreddykallu/.m2/repository/org/seleniumhq/selenium/selenium-devtools-v108/4.7.1/selenium-devtools-v108-4.7.1.jar:/Users/shyamreddykallu/.m2/repository/org/seleniumhq/selenium/selenium-devtools-v85/4.7.1/selenium-devtools-v85-4.7.1.jar:/Users/shyamreddykallu/.m2/repository/org/seleniumhq/selenium/selenium-edge-driver/4.7.1/selenium-edge-driver-4.7.1.jar:/Users/shyamreddykallu/.m2/repository/org/seleniumhq/selenium/selenium-firefox-driver/4.7.1/selenium-firefox-driver-4.7.1.jar:/Users/shyamreddykallu/.m2/repository/org/seleniumhq/selenium/selenium-http/4.7.1/selenium-http-4.7.1.jar:/Users/shyamreddykallu/.m2/repository/dev/failsafe/failsafe/3.3.0/failsafe-3.3.0.jar:/Users/shyamreddykallu/.m2/repository/org/seleniumhq/selenium/selenium-ie-driver/4.7.1/selenium-ie-driver-4.7.1.jar:/Users/shyamreddykallu/.m2/repository/org/seleniumhq/selenium/selenium-remote-driver/4.7.1/selenium-remote-driver-4.7.1.jar:/Users/shyamreddykallu/.m2/repository/io/netty/netty-buffer/4.1.84.Final/netty-buffer-4.1.84.Final.jar:/Users/shyamreddykallu/.m2/repository/io/netty/netty-codec-http/4.1.84.Final/netty-codec-http-4.1.84.Final.jar:/Users/shyamreddykallu/.m2/repository/io/netty/netty-codec/4.1.84.Final/netty-codec-4.1.84.Final.jar:/Users/shyamreddykallu/.m2/repository/io/netty/netty-handler/4.1.84.Final/netty-handler-4.1.84.Final.jar:/Users/shyamreddykallu/.m2/repository/io/netty/netty-common/4.1.84.Final/netty-common-4.1.84.Final.jar:/Users/shyamreddykallu/.m2/repository/io/netty/netty-transport-classes-epoll/4.1.84.Final/netty-transport-classes-epoll-4.1.84.Final.jar:/Users/shyamreddykallu/.m2/repository/io/netty/netty-transport-classes-kqueue/4.1.84.Final/netty-transport-classes-kqueue-4.1.84.Final.jar:/Users/shyamreddykallu/.m2/repository/io/netty/netty-transport-native-epoll/4.1.84.Final/netty-transport-native-epoll-4.1.84.Final.jar:/Users/shyamreddykallu/.m2/repository/io/netty/netty-transport-native-kqueue/4.1.84.Final/netty-transport-native-kqueue-4.1.84.Final.jar:/Users/shyamreddykallu/.m2/repository/io/netty/netty-transport-native-unix-common/4.1.84.Final/netty-transport-native-unix-common-4.1.84.Final.jar:/Users/shyamreddykallu/.m2/repository/io/netty/netty-transport/4.1.84.Final/netty-transport-4.1.84.Final.jar:/Users/shyamreddykallu/.m2/repository/io/netty/netty-resolver/4.1.84.Final/netty-resolver-4.1.84.Final.jar:/Users/shyamreddykallu/.m2/repository/io/opentelemetry/opentelemetry-api/1.19.0/opentelemetry-api-1.19.0.jar:/Users/shyamreddykallu/.m2/repository/io/opentelemetry/opentelemetry-context/1.19.0/opentelemetry-context-1.19.0.jar:/Users/shyamreddykallu/.m2/repository/io/opentelemetry/opentelemetry-exporter-logging/1.19.0/opentelemetry-exporter-logging-1.19.0.jar:/Users/shyamreddykallu/.m2/repository/io/opentelemetry/opentelemetry-sdk-metrics/1.19.0/opentelemetry-sdk-metrics-1.19.0.jar:/Users/shyamreddykallu/.m2/repository/io/opentelemetry/opentelemetry-sdk-logs/1.19.0-alpha/opentelemetry-sdk-logs-1.19.0-alpha.jar:/Users/shyamreddykallu/.m2/repository/io/opentelemetry/opentelemetry-api-logs/1.19.0-alpha/opentelemetry-api-logs-1.19.0-alpha.jar:/Users/shyamreddykallu/.m2/repository/io/opentelemetry/opentelemetry-sdk-common/1.19.0/opentelemetry-sdk-common-1.19.0.jar:/Users/shyamreddykallu/.m2/repository/io/opentelemetry/opentelemetry-sdk-extension-autoconfigure-spi/1.19.0/opentelemetry-sdk-extension-autoconfigure-spi-1.19.0.jar:/Users/shyamreddykallu/.m2/repository/io/opentelemetry/opentelemetry-sdk-extension-autoconfigure/1.19.0-alpha/opentelemetry-sdk-extension-autoconfigure-1.19.0-alpha.jar:/Users/shyamreddykallu/.m2/repository/io/opentelemetry/opentelemetry-exporter-common/1.19.0/opentelemetry-exporter-common-1.19.0.jar:/Users/shyamreddykallu/.m2/repository/io/opentelemetry/opentelemetry-sdk-trace/1.19.0/opentelemetry-sdk-trace-1.19.0.jar:/Users/shyamreddykallu/.m2/repository/io/opentelemetry/opentelemetry-sdk/1.19.0/opentelemetry-sdk-1.19.0.jar:/Users/shyamreddykallu/.m2/repository/io/opentelemetry/opentelemetry-semconv/1.19.0-alpha/opentelemetry-semconv-1.19.0-alpha.jar:/Users/shyamreddykallu/.m2/repository/io/ous/jtoml/2.0.0/jtoml-2.0.0.jar:/Users/shyamreddykallu/.m2/repository/net/bytebuddy/byte-buddy/1.12.18/byte-buddy-1.12.18.jar:/Users/shyamreddykallu/.m2/repository/org/apache/commons/commons-exec/1.3/commons-exec-1.3.jar:/Users/shyamreddykallu/.m2/repository/org/asynchttpclient/async-http-client/2.12.3/async-http-client-2.12.3.jar:/Users/shyamreddykallu/.m2/repository/org/asynchttpclient/async-http-client-netty-utils/2.12.3/async-http-client-netty-utils-2.12.3.jar:/Users/shyamreddykallu/.m2/repository/io/netty/netty-codec-socks/4.1.60.Final/netty-codec-socks-4.1.60.Final.jar:/Users/shyamreddykallu/.m2/repository/io/netty/netty-handler-proxy/4.1.60.Final/netty-handler-proxy-4.1.60.Final.jar:/Users/shyamreddykallu/.m2/repository/io/netty/netty-transport-native-epoll/4.1.60.Final/netty-transport-native-epoll-4.1.60.Final-linux-x86_64.jar:/Users/shyamreddykallu/.m2/repository/io/netty/netty-transport-native-kqueue/4.1.60.Final/netty-transport-native-kqueue-4.1.60.Final-osx-x86_64.jar:/Users/shyamreddykallu/.m2/repository/com/typesafe/netty/netty-reactive-streams/2.0.4/netty-reactive-streams-2.0.4.jar:/Users/shyamreddykallu/.m2/repository/org/slf4j/slf4j-api/1.7.30/slf4j-api-1.7.30.jar:/Users/shyamreddykallu/.m2/repository/com/sun/activation/jakarta.activation/1.2.2/jakarta.activation-1.2.2.jar:/Users/shyamreddykallu/.m2/repository/org/seleniumhq/selenium/selenium-manager/4.7.1/selenium-manager-4.7.1.jar:/Users/shyamreddykallu/.m2/repository/org/seleniumhq/selenium/selenium-safari-driver/4.7.1/selenium-safari-driver-4.7.1.jar:/Users/shyamreddykallu/.m2/repository/org/seleniumhq/selenium/selenium-support/4.7.1/selenium-support-4.7.1.jar:/Users/shyamreddykallu/.m2/repository/me/jvt/cucumber/reporting-plugin/7.2.0/reporting-plugin-7.2.0.jar:/Users/shyamreddykallu/.m2/repository/io/cucumber/gherkin/22.0.0/gherkin-22.0.0.jar:/Users/shyamreddykallu/.m2/repository/net/masterthought/cucumber-reporting/5.6.1/cucumber-reporting-5.6.1.jar:/Users/shyamreddykallu/.m2/repository/com/fasterxml/jackson/core/jackson-databind/2.12.1/jackson-databind-2.12.1.jar:/Users/shyamreddykallu/.m2/repository/com/fasterxml/jackson/core/jackson-annotations/2.12.1/jackson-annotations-2.12.1.jar:/Users/shyamreddykallu/.m2/repository/com/fasterxml/jackson/core/jackson-core/2.12.1/jackson-core-2.12.1.jar:/Users/shyamreddykallu/.m2/repository/com/fasterxml/jackson/datatype/jackson-datatype-jsr310/2.12.1/jackson-datatype-jsr310-2.12.1.jar:/Users/shyamreddykallu/.m2/repository/org/apache/velocity/velocity-engine-core/2.3/velocity-engine-core-2.3.jar:/Users/shyamreddykallu/.m2/repository/commons-collections/commons-collections/3.2.2/commons-collections-3.2.2.jar:/Users/shyamreddykallu/.m2/repository/joda-time/joda-time/2.10.10/joda-time-2.10.10.jar:/Users/shyamreddykallu/.m2/repository/org/apache/commons/commons-lang3/3.12.0/commons-lang3-3.12.0.jar:/Users/shyamreddykallu/.m2/repository/commons-io/commons-io/2.7/commons-io-2.7.jar:/Users/shyamreddykallu/.m2/repository/org/codehaus/plexus/plexus-utils/3.3.0/plexus-utils-3.3.0.jar:/Users/shyamreddykallu/.m2/repository/org/jsoup/jsoup/1.14.2/jsoup-1.14.2.jar:/Users/shyamreddykallu/.m2/repository/com/googlecode/owasp-java-html-sanitizer/owasp-java-html-sanitizer/20211018.2/owasp-java-html-sanitizer-20211018.2.jar:/Users/shyamreddykallu/.m2/repository/commons-configuration/commons-configuration/1.10/commons-configuration-1.10.jar:/Users/shyamreddykallu/.m2/repository/commons-lang/commons-lang/2.6/commons-lang-2.6.jar:/Users/shyamreddykallu/.m2/repository/commons-logging/commons-logging/1.1.1/commons-logging-1.1.1.jar:/Users/shyamreddykallu/.m2/repository/com/aventstack/extentreports/5.0.9/extentreports-5.0.9.jar:/Users/shyamreddykallu/.m2/repository/io/reactivex/rxjava3/rxjava/3.0.4/rxjava-3.0.4.jar:/Users/shyamreddykallu/.m2/repository/org/reactivestreams/reactive-streams/1.0.3/reactive-streams-1.0.3.jar:/Users/shyamreddykallu/.m2/repository/org/freemarker/freemarker/2.3.30/freemarker-2.3.30.jar:/Users/shyamreddykallu/.m2/repository/com/google/code/gson/gson/2.8.6/gson-2.8.6.jar:/Users/shyamreddykallu/.m2/repository/org/projectlombok/lombok/1.18.22/lombok-1.18.22.jar:"/>
    <property name="sun.cpu.endian" value="little"/>
    <property name="user.home" value="/Users/shyamreddykallu"/>
    <property name="user.language" value="en"/>
    <property name="java.specification.vendor" value="Oracle Corporation"/>
    <property name="java.version.date" value="2023-01-17"/>
    <property name="java.home" value="/Library/Java/JavaVirtualMachines/jdk-19.jdk/Contents/Home"/>
    <property name="file.separator" value="/"/>
    <property name="basedir" value="/Users/shyamreddykallu/Documents/GitHub/DemoAutomation-Framework/Gammax-Test-Automation"/>
    <property name="java.vm.compressedOopsMode" value="Zero based"/>
    <property name="line.separator" value="&#10;"/>
    <property name="java.vm.specification.vendor" value="Oracle Corporation"/>
    <property name="java.specification.name" value="Java Platform API Specification"/>
    <property name="apple.awt.application.name" value="ForkedBooter"/>
    <property name="surefire.real.class.path" value="/Users/shyamreddykallu/Documents/GitHub/DemoAutomation-Framework/Gammax-Test-Automation/target/surefire/surefirebooter7123055616081474084.jar"/>
    <property name="sun.management.compiler" value="HotSpot 64-Bit Tiered Compilers"/>
    <property name="ftp.nonProxyHosts" value="local|*.local|169.254/16|*.169.254/16"/>
    <property name="java.runtime.version" value="19.0.2+7-44"/>
    <property name="user.name" value="shyamreddykallu"/>
    <property name="stdout.encoding" value="UTF-8"/>
    <property name="path.separator" value=":"/>
    <property name="os.version" value="13.1"/>
    <property name="java.runtime.name" value="Java(TM) SE Runtime Environment"/>
    <property name="file.encoding" value="UTF-8"/>
    <property name="java.vm.name" value="Java HotSpot(TM) 64-Bit Server VM"/>
    <property name="localRepository" value="/Users/shyamreddykallu/.m2/repository"/>
    <property name="java.vendor.url.bug" value="https://bugreport.java.com/bugreport/"/>
    <property name="java.io.tmpdir" value="/var/folders/d3/xl79sqps0q57_rbl6fl2j_mm0000gn/T/"/>
    <property name="idea.version" value="2022.3.1"/>
    <property name="java.version" value="19.0.2"/>
    <property name="user.dir" value="/Users/shyamreddykallu/Documents/GitHub/DemoAutomation-Framework/Gammax-Test-Automation"/>
    <property name="os.arch" value="aarch64"/>
    <property name="java.vm.specification.name" value="Java Virtual Machine Specification"/>
    <property name="native.encoding" value="UTF-8"/>
    <property name="java.library.path" value="/Users/shyamreddykallu/Library/Java/Extensions:/Library/Java/Extensions:/Network/Library/Java/Extensions:/System/Library/Java/Extensions:/usr/lib/java:."/>
    <property name="java.vm.info" value="mixed mode, sharing"/>
    <property name="stderr.encoding" value="UTF-8"/>
    <property name="java.vendor" value="Oracle Corporation"/>
    <property name="java.vm.version" value="19.0.2+7-44"/>
    <property name="sun.io.unicode.encoding" value="UnicodeBig"/>
    <property name="socksNonProxyHosts" value="local|*.local|169.254/16|*.169.254/16"/>
    <property name="java.class.version" value="63.0"/>
  </properties>
  <testcase name="runScenario[&quot;Add one quantity from Store&quot;, &quot;Optional[Add to cart]&quot;](1)" classname="com.gammax.runners.MyTestNGRunnerTest" time="13.993">
    <system-out><![CDATA[BEFORE:SCENARIO NAME: Add one quantity from Store
AFTER:SCENARIO NAME: Add one quantity from Store
]]></system-out>
    <system-err><![CDATA[SLF4J: Failed to load class "org.slf4j.impl.StaticLoggerBinder".
SLF4J: Defaulting to no-operation (NOP) logger implementation
SLF4J: See http://www.slf4j.org/codes.html#StaticLoggerBinder for further details.
Starting ChromeDriver 109.0.5414.74 (e7c5703604daa9cc128ccf5a5d3e993513758913-refs/branch-heads/5414@{#1172}) on port 46868
Only local connections are allowed.
Please see https://chromedriver.chromium.org/security-considerations for suggestions on keeping ChromeDriver safe.
ChromeDriver was started successfully.
Jan 19, 2023 2:09:50 P.M. org.openqa.selenium.devtools.CdpVersionFinder findNearestMatch
WARNING: Unable to find an exact match for CDP version 109, so returning the closest version found: 108
Jan 19, 2023 2:10:03 P.M. org.openqa.selenium.remote.http.WebSocket$Listener onError
WARNING: Connection reset
java.net.SocketException: Connection reset
	at java.base/sun.nio.ch.SocketChannelImpl.throwConnectionReset(SocketChannelImpl.java:401)
	at java.base/sun.nio.ch.SocketChannelImpl.read(SocketChannelImpl.java:434)
	at io.netty.buffer.PooledByteBuf.setBytes(PooledByteBuf.java:259)
	at io.netty.buffer.AbstractByteBuf.writeBytes(AbstractByteBuf.java:1132)
	at io.netty.channel.socket.nio.NioSocketChannel.doReadBytes(NioSocketChannel.java:357)
	at io.netty.channel.nio.AbstractNioByteChannel$NioByteUnsafe.read(AbstractNioByteChannel.java:151)
	at io.netty.channel.nio.NioEventLoop.processSelectedKey(NioEventLoop.java:788)
	at io.netty.channel.nio.NioEventLoop.processSelectedKeysOptimized(NioEventLoop.java:724)
	at io.netty.channel.nio.NioEventLoop.processSelectedKeys(NioEventLoop.java:650)
	at io.netty.channel.nio.NioEventLoop.run(NioEventLoop.java:562)
	at io.netty.util.concurrent.SingleThreadEventExecutor$4.run(SingleThreadEventExecutor.java:997)
	at io.netty.util.internal.ThreadExecutorMap$2.run(ThreadExecutorMap.java:74)
	at io.netty.util.concurrent.FastThreadLocalRunnable.run(FastThreadLocalRunnable.java:30)
	at java.base/java.lang.Thread.run(Thread.java:1589)

]]></system-err>
  </testcase>
</testsuite>